# JRE version: OpenJDK Runtime Environment (8.0_242-b01) (build 1.8.0_242-release-1644-b01)
# Java VM: OpenJDK 64-Bit Server VM (25.242-b01 mixed mode windows-amd64 compressed oops)
Heap:
 PSYoungGen      total 609280K, used 555841K [0x00000000d5580000, 0x00000000ff180000, 0x0000000100000000)
  eden space 531968K, 100% used [0x00000000d5580000,0x00000000f5d00000,0x00000000f5d00000)
  from space 77312K, 30% used [0x00000000fa600000,0x00000000fbd504f0,0x00000000ff180000)
  to   space 74752K, 26% used [0x00000000f5d00000,0x00000000f707f258,0x00000000fa600000)
 ParOldGen       total 542208K, used 518839K [0x0000000080000000, 0x00000000a1180000, 0x00000000d5580000)
  object space 542208K, 95% used [0x0000000080000000,0x000000009fab5d30,0x00000000a1180000)
 Metaspace       used 168463K, capacity 178700K, committed 178904K, reserved 1204224K
  class space    used 21464K, capacity 23377K, committed 23552K, reserved 1048576K
GC Heap History (10 events):
Event: 3537.074 GC heap after
Heap after GC invocations=80 (full 6):
 PSYoungGen      total 593920K, used 8453K [0x00000000d5580000, 0x00000000ff400000, 0x0000000100000000)
  eden space 499200K, 0% used [0x00000000d5580000,0x00000000d5580000,0x00000000f3d00000)
  from space 94720K, 8% used [0x00000000f9780000,0x00000000f9fc1788,0x00000000ff400000)
  to   space 92672K, 0% used [0x00000000f3d00000,0x00000000f3d00000,0x00000000f9780000)
 ParOldGen       total 542208K, used 470383K [0x0000000080000000, 0x00000000a1180000, 0x00000000d5580000)
  object space 542208K, 86% used [0x0000000080000000,0x000000009cb5bd20,0x00000000a1180000)
 Metaspace       used 168370K, capacity 178632K, committed 178904K, reserved 1204224K
  class space    used 21464K, capacity 23377K, committed 23552K, reserved 1048576K
}
Event: 3537.643 GC heap before
{Heap before GC invocations=81 (full 6):
 PSYoungGen      total 593920K, used 507653K [0x00000000d5580000, 0x00000000ff400000, 0x0000000100000000)
  eden space 499200K, 100% used [0x00000000d5580000,0x00000000f3d00000,0x00000000f3d00000)
  from space 94720K, 8% used [0x00000000f9780000,0x00000000f9fc1788,0x00000000ff400000)
  to   space 92672K, 0% used [0x00000000f3d00000,0x00000000f3d00000,0x00000000f9780000)
 ParOldGen       total 542208K, used 470383K [0x0000000080000000, 0x00000000a1180000, 0x00000000d5580000)
  object space 542208K, 86% used [0x0000000080000000,0x000000009cb5bd20,0x00000000a1180000)
 Metaspace       used 168376K, capacity 178632K, committed 178904K, reserved 1204224K
  class space    used 21464K, capacity 23377K, committed 23552K, reserved 1048576K
Event: 3537.658 GC heap after
Heap after GC invocations=81 (full 6):
 PSYoungGen      total 591872K, used 14302K [0x00000000d5580000, 0x00000000ff400000, 0x0000000100000000)
  eden space 499200K, 0% used [0x00000000d5580000,0x00000000d5580000,0x00000000f3d00000)
  from space 92672K, 15% used [0x00000000f3d00000,0x00000000f4af7b70,0x00000000f9780000)
  to   space 87552K, 0% used [0x00000000f9e80000,0x00000000f9e80000,0x00000000ff400000)
 ParOldGen       total 542208K, used 473188K [0x0000000080000000, 0x00000000a1180000, 0x00000000d5580000)
  object space 542208K, 87% used [0x0000000080000000,0x000000009ce192a0,0x00000000a1180000)
 Metaspace       used 168376K, capacity 178632K, committed 178904K, reserved 1204224K
  class space    used 21464K, capacity 23377K, committed 23552K, reserved 1048576K
}
Event: 3538.408 GC heap before
{Heap before GC invocations=82 (full 6):
 PSYoungGen      total 591872K, used 513502K [0x00000000d5580000, 0x00000000ff400000, 0x0000000100000000)
  eden space 499200K, 100% used [0x00000000d5580000,0x00000000f3d00000,0x00000000f3d00000)
  from space 92672K, 15% used [0x00000000f3d00000,0x00000000f4af7b70,0x00000000f9780000)
  to   space 87552K, 0% used [0x00000000f9e80000,0x00000000f9e80000,0x00000000ff400000)
 ParOldGen       total 542208K, used 473188K [0x0000000080000000, 0x00000000a1180000, 0x00000000d5580000)
  object space 542208K, 87% used [0x0000000080000000,0x000000009ce192a0,0x00000000a1180000)
 Metaspace       used 168380K, capacity 178632K, committed 178904K, reserved 1204224K
  class space    used 21464K, capacity 23377K, committed 23552K, reserved 1048576K
Event: 3538.426 GC heap after
Heap after GC invocations=82 (full 6):
 PSYoungGen      total 602112K, used 2432K [0x00000000d5580000, 0x00000000ff500000, 0x0000000100000000)
  eden space 514560K, 0% used [0x00000000d5580000,0x00000000d5580000,0x00000000f4c00000)
  from space 87552K, 2% used [0x00000000f9e80000,0x00000000fa0e0000,0x00000000ff400000)
  to   space 84480K, 0% used [0x00000000f4c00000,0x00000000f4c00000,0x00000000f9e80000)
 ParOldGen       total 542208K, used 481743K [0x0000000080000000, 0x00000000a1180000, 0x00000000d5580000)
  object space 542208K, 88% used [0x0000000080000000,0x000000009d673e00,0x00000000a1180000)
 Metaspace       used 168380K, capacity 178632K, committed 178904K, reserved 1204224K
  class space    used 21464K, capacity 23377K, committed 23552K, reserved 1048576K
}
Event: 3539.299 GC heap before
{Heap before GC invocations=83 (full 6):
 PSYoungGen      total 602112K, used 516992K [0x00000000d5580000, 0x00000000ff500000, 0x0000000100000000)
  eden space 514560K, 100% used [0x00000000d5580000,0x00000000f4c00000,0x00000000f4c00000)
  from space 87552K, 2% used [0x00000000f9e80000,0x00000000fa0e0000,0x00000000ff400000)
  to   space 84480K, 0% used [0x00000000f4c00000,0x00000000f4c00000,0x00000000f9e80000)
 ParOldGen       total 542208K, used 481743K [0x0000000080000000, 0x00000000a1180000, 0x00000000d5580000)
  object space 542208K, 88% used [0x0000000080000000,0x000000009d673e00,0x00000000a1180000)
 Metaspace       used 168454K, capacity 178700K, committed 178904K, reserved 1204224K
  class space    used 21464K, capacity 23377K, committed 23552K, reserved 1048576K
Event: 3539.321 GC heap after
Heap after GC invocations=83 (full 6):
 PSYoungGen      total 599040K, used 24727K [0x00000000d5580000, 0x00000000ff400000, 0x0000000100000000)
  eden space 514560K, 0% used [0x00000000d5580000,0x00000000d5580000,0x00000000f4c00000)
  from space 84480K, 29% used [0x00000000f4c00000,0x00000000f6425f18,0x00000000f9e80000)
  to   space 79872K, 0% used [0x00000000fa600000,0x00000000fa600000,0x00000000ff400000)
 ParOldGen       total 542208K, used 482255K [0x0000000080000000, 0x00000000a1180000, 0x00000000d5580000)
  object space 542208K, 88% used [0x0000000080000000,0x000000009d6f3e00,0x00000000a1180000)
 Metaspace       used 168454K, capacity 178700K, committed 178904K, reserved 1204224K
  class space    used 21464K, capacity 23377K, committed 23552K, reserved 1048576K
}
Event: 3539.753 GC heap before
{Heap before GC invocations=84 (full 6):
 PSYoungGen      total 599040K, used 539287K [0x00000000d5580000, 0x00000000ff400000, 0x0000000100000000)
  eden space 514560K, 100% used [0x00000000d5580000,0x00000000f4c00000,0x00000000f4c00000)
  from space 84480K, 29% used [0x00000000f4c00000,0x00000000f6425f18,0x00000000f9e80000)
  to   space 79872K, 0% used [0x00000000fa600000,0x00000000fa600000,0x00000000ff400000)
 ParOldGen       total 542208K, used 482255K [0x0000000080000000, 0x00000000a1180000, 0x00000000d5580000)
  object space 542208K, 88% used [0x0000000080000000,0x000000009d6f3e00,0x00000000a1180000)
 Metaspace       used 168456K, capacity 178700K, committed 178904K, reserved 1204224K
  class space    used 21464K, capacity 23377K, committed 23552K, reserved 1048576K
Event: 3539.788 GC heap after
Heap after GC invocations=84 (full 6):
 PSYoungGen      total 609280K, used 23873K [0x00000000d5580000, 0x00000000ff180000, 0x0000000100000000)
  eden space 531968K, 0% used [0x00000000d5580000,0x00000000d5580000,0x00000000f5d00000)
  from space 77312K, 30% used [0x00000000fa600000,0x00000000fbd504f0,0x00000000ff180000)
  to   space 74752K, 0% used [0x00000000f5d00000,0x00000000f5d00000,0x00000000fa600000)
 ParOldGen       total 542208K, used 502353K [0x0000000080000000, 0x00000000a1180000, 0x00000000d5580000)
  object space 542208K, 92% used [0x0000000080000000,0x000000009ea946d8,0x00000000a1180000)
 Metaspace       used 168456K, capacity 178700K, committed 178904K, reserved 1204224K
  class space    used 21464K, capacity 23377K, committed 23552K, reserved 1048576K
}
Event: 3540.367 GC heap before
{Heap before GC invocations=85 (full 6):
 PSYoungGen      total 609280K, used 555841K [0x00000000d5580000, 0x00000000ff180000, 0x0000000100000000)
  eden space 531968K, 100% used [0x00000000d5580000,0x00000000f5d00000,0x00000000f5d00000)
  from space 77312K, 30% used [0x00000000fa600000,0x00000000fbd504f0,0x00000000ff180000)
  to   space 74752K, 0% used [0x00000000f5d00000,0x00000000f5d00000,0x00000000fa600000)
 ParOldGen       total 542208K, used 502354K [0x0000000080000000, 0x00000000a1180000, 0x00000000d5580000)
  object space 542208K, 92% used [0x0000000080000000,0x000000009ea94a28,0x00000000a1180000)
 Metaspace       used 168463K, capacity 178700K, committed 178904K, reserved 1204224K
  class space    used 21464K, capacity 23377K, committed 23552K, reserved 1048576K

